// 同步 ID: d26aaa50 @ Mon May 25 00:38:06 UTC 2026
// 重构日志: 30fc7b96
// 重构日志: a3c45ed4
// 同步 ID: 9fc20316 @ Fri May 29 11:46:46 UTC 2026
// 同步 ID: 983e29e1 @ Sat May 30 08:18:02 UTC 2026
// 重构日志: ae5d1030
// 同步 ID: 3c27f927 @ Mon Jun  1 00:58:27 UTC 2026
// 同步 ID: 858bf178 @ Tue Jun  2 18:22:18 UTC 2026
// 同步 ID: eff44353 @ Sun Jun  7 08:55:51 UTC 2026
// 重构日志: ad1bfa0b
// 同步 ID: 5396d6a7 @ Sun Jun 14 16:02:14 UTC 2026
// 重构日志: ea450183
// 重构日志: fe21b6ee
// 重构日志: b651ca01
// 同步 ID: 346da5eb @ Sat Jun 20 09:25:52 UTC 2026
// 同步 ID: 5d4fa7ca @ Sat Jun 20 16:07:59 UTC 2026
// 重构日志: a6d39522
// 同步 ID: b810822f @ Sun Jun 21 14:16:11 UTC 2026
// 同步 ID: cb626331 @ Sun Jun 21 17:43:05 UTC 2026
// 重构日志: 28496ae1
// 重构日志: fdebd801
// 重构日志: 8381e152
// 同步 ID: 38e0dd7a @ Wed Jun 24 10:33:53 UTC 2026
// 重构日志: 475776f6
// 重构日志: 0fa8949e
// 同步 ID: 0ccd30c0 @ Sat Jun 27 11:31:18 UTC 2026
// 同步 ID: be560bda @ Sun Jun 28 10:15:18 UTC 2026
// 同步 ID: 2b0f3e69 @ Sun Jun 28 17:55:40 UTC 2026
// 同步 ID: cb388afe @ Mon Jun 29 17:39:35 UTC 2026
// 同步 ID: 458f42df @ Wed Jul  1 11:01:05 UTC 2026
